{
  "stats": {
    "suites": 1,
    "tests": 2,
    "passes": 2,
    "pending": 0,
    "failures": 0,
    "start": "2021-05-21T11:12:59.673Z",
    "end": "2021-05-21T11:13:09.912Z",
    "duration": 10239,
    "testsRegistered": 2,
    "passPercent": 100,
    "pendingPercent": 0,
    "other": 0,
    "hasOther": false,
    "skipped": 0,
    "hasSkipped": false
  },
  "results": [
    {
      "uuid": "db5c4930-aa91-4de1-b853-aec9509eaafe",
      "title": "",
      "fullFile": "cypress/integration/Assignment/Alert.specs.js",
      "file": "cypress/integration/Assignment/Alert.specs.js",
      "beforeHooks": [],
      "afterHooks": [],
      "tests": [],
      "suites": [
        {
          "uuid": "188265db-14ea-4473-bce2-a1887452a724",
          "title": "Verify the JavaScript Alerts functionality",
          "fullFile": "",
          "file": "",
          "beforeHooks": [],
          "afterHooks": [],
          "tests": [
            {
              "title": "To verify user is able to click on JS Alert button",
              "fullTitle": "Verify the JavaScript Alerts functionality To verify user is able to click on JS Alert button",
              "timedOut": null,
              "duration": 6170,
              "state": "passed",
              "speed": "slow",
              "pass": true,
              "fail": false,
              "pending": false,
              "context": null,
              "code": "cy.get('button[onclick=\"jsAlert()\"]').click();\ncy.on('window:alert', str => {\n  expect(str).to.equal('I am a JS Alert');\n});",
              "err": {},
              "uuid": "2b85ca0f-8eb9-49f0-a30f-b72bb0708ef0",
              "parentUUID": "188265db-14ea-4473-bce2-a1887452a724",
              "isHook": false,
              "skipped": false
            },
            {
              "title": "To verify user is able to click on JS Confirm button",
              "fullTitle": "Verify the JavaScript Alerts functionality To verify user is able to click on JS Confirm button",
              "timedOut": null,
              "duration": 578,
              "state": "passed",
              "speed": "slow",
              "pass": true,
              "fail": false,
              "pending": false,
              "context": null,
              "code": "cy.get('button[onclick=\"jsConfirm()\"]').click();\ncy.on('window:confirm', str => {\n  expect(str).to.equal('I am a JS Confirm');\n});",
              "err": {},
              "uuid": "c1cc9968-d97c-4c5d-b2d8-da41a3188ac4",
              "parentUUID": "188265db-14ea-4473-bce2-a1887452a724",
              "isHook": false,
              "skipped": false
            }
          ],
          "suites": [],
          "passes": [
            "2b85ca0f-8eb9-49f0-a30f-b72bb0708ef0",
            "c1cc9968-d97c-4c5d-b2d8-da41a3188ac4"
          ],
          "failures": [],
          "pending": [],
          "skipped": [],
          "duration": 6748,
          "root": false,
          "rootEmpty": false,
          "_timeout": 2000
        }
      ],
      "passes": [],
      "failures": [],
      "pending": [],
      "skipped": [],
      "duration": 0,
      "root": true,
      "rootEmpty": true,
      "_timeout": 2000
    }
  ],
  "meta": {
    "mocha": {
      "version": "7.0.1"
    },
    "mochawesome": {
      "options": {
        "quiet": false,
        "reportFilename": "mochawesome",
        "saveHtml": false,
        "saveJson": true,
        "consoleReporter": "spec",
        "useInlineDiffs": false,
        "code": true
      },
      "version": "6.2.2"
    },
    "marge": {
      "options": {
        "overwrite": false,
        "html": false,
        "json": true
      },
      "version": "5.2.0"
    }
  }
}